                                 Started job on |	Sep 02 10:22:27
                             Started mapping on |	Sep 02 10:23:14
                                    Finished on |	Sep 02 10:23:23
       Mapping speed, Million of reads per hour |	2.84

                          Number of input reads |	7097
                      Average input read length |	126
                                    UNIQUE READS:
                   Uniquely mapped reads number |	7088
                        Uniquely mapped reads % |	99.87%
                          Average mapped length |	125.64
                       Number of splices: Total |	3825
            Number of splices: Annotated (sjdb) |	3815
                       Number of splices: GT/AG |	3810
                       Number of splices: GC/AG |	15
                       Number of splices: AT/AC |	0
               Number of splices: Non-canonical |	0
                      Mismatch rate per base, % |	0.17%
                         Deletion rate per base |	0.00%
                        Deletion average length |	1.38
                        Insertion rate per base |	0.01%
                       Insertion average length |	1.35
                             MULTI-MAPPING READS:
        Number of reads mapped to multiple loci |	9
             % of reads mapped to multiple loci |	0.13%
        Number of reads mapped to too many loci |	0
             % of reads mapped to too many loci |	0.00%
                                  UNMAPPED READS:
  Number of reads unmapped: too many mismatches |	0
       % of reads unmapped: too many mismatches |	0.00%
            Number of reads unmapped: too short |	0
                 % of reads unmapped: too short |	0.00%
                Number of reads unmapped: other |	0
                     % of reads unmapped: other |	0.00%
                                  CHIMERIC READS:
                       Number of chimeric reads |	0
                            % of chimeric reads |	0.00%
