[2021-09-08 21:00:45.031] [jointLog] [info] setting maxHashResizeThreads to 4
[2021-09-08 21:00:45.031] [jointLog] [info] Fragment incompatibility prior below threshold.  Incompatible fragments will be ignored.
[2021-09-08 21:00:45.032] [jointLog] [info] Usage of --validateMappings implies use of minScoreFraction. Since not explicitly specified, it is being set to 0.65
[2021-09-08 21:00:45.032] [jointLog] [info] Setting consensusSlack to selective-alignment default of 0.35.
[2021-09-08 21:00:45.032] [jointLog] [info] parsing read library format
[2021-09-08 21:00:45.034] [jointLog] [info] There is 1 library.
[2021-09-08 21:00:45.621] [fileLog] [info] 
At end of round 0
==================
Observed 7097 total fragments (7097 in most recent round)

[2021-09-08 21:00:45.333] [jointLog] [info] Loading pufferfish index
[2021-09-08 21:00:45.333] [jointLog] [info] Loading dense pufferfish index.
[2021-09-08 21:00:45.365] [jointLog] [info] done
[2021-09-08 21:00:45.366] [jointLog] [info] Index contained 65 targets
[2021-09-08 21:00:45.378] [jointLog] [info] Number of decoys : 0
[2021-09-08 21:00:45.544] [jointLog] [info] Thread saw mini-batch with a maximum of 49.02% zero probability fragments
[2021-09-08 21:00:45.596] [jointLog] [info] Thread saw mini-batch with a maximum of 47.22% zero probability fragments
[2021-09-08 21:00:45.621] [jointLog] [info] Computed 120 rich equivalence classes for further processing
[2021-09-08 21:00:45.621] [jointLog] [info] Counted 3,511 total reads in the equivalence classes 
[2021-09-08 21:00:45.625] [jointLog] [info] Number of mappings discarded because of alignment score : 2,102
[2021-09-08 21:00:45.625] [jointLog] [info] Number of fragments entirely discarded because of alignment score : 150
[2021-09-08 21:00:45.625] [jointLog] [info] Number of fragments discarded because they are best-mapped to decoys : 0
[2021-09-08 21:00:45.625] [jointLog] [info] Number of fragments discarded because they have only dovetail (discordant) mappings to valid targets : 6,055
[2021-09-08 21:00:45.626] [jointLog] [warning] Only 3511 fragments were mapped, but the number of burn-in fragments was set to 5000000.
The effective lengths have been computed using the observed mappings.

[2021-09-08 21:00:45.626] [jointLog] [info] Mapping rate = 49.4716%

[2021-09-08 21:00:45.626] [jointLog] [info] finished quantifyLibrary()
[2021-09-08 21:00:45.633] [jointLog] [info] Starting optimizer
[2021-09-08 21:00:45.641] [jointLog] [info] Marked 0 weighted equivalence classes as degenerate
[2021-09-08 21:00:45.641] [jointLog] [info] iteration = 0 | max rel diff. = 53.0117
[2021-09-08 21:00:45.642] [jointLog] [info] iteration 11, adjusting effective lengths to account for biases
[2021-09-08 21:00:49.557] [jointLog] [info] Computed expected counts (for bias correction)
[2021-09-08 21:00:49.558] [jointLog] [info] processed bias for 6.2% of the transcripts
[2021-09-08 21:00:49.636] [jointLog] [info] processed bias for 10.8% of the transcripts
[2021-09-08 21:00:49.878] [jointLog] [info] processed bias for 20.0% of the transcripts
[2021-09-08 21:00:50.019] [jointLog] [info] processed bias for 29.2% of the transcripts
[2021-09-08 21:00:50.376] [jointLog] [info] processed bias for 43.1% of the transcripts
[2021-09-08 21:00:50.422] [jointLog] [info] processed bias for 49.2% of the transcripts
[2021-09-08 21:00:50.426] [jointLog] [info] processed bias for 58.5% of the transcripts
[2021-09-08 21:00:50.669] [jointLog] [info] processed bias for 67.7% of the transcripts
[2021-09-08 21:00:50.922] [jointLog] [info] processed bias for 75.4% of the transcripts
[2021-09-08 21:00:51.210] [jointLog] [info] processed bias for 84.6% of the transcripts
[2021-09-08 21:00:52.592] [jointLog] [info] processed bias for 100.0% of the transcripts
[2021-09-08 21:00:52.596] [jointLog] [info] iteration = 100 | max rel diff. = 0.000351439
[2021-09-08 21:00:52.596] [jointLog] [info] Finished optimizer
[2021-09-08 21:00:52.596] [jointLog] [info] writing output 

[2021-09-08 21:00:52.598] [jointLog] [info] writing equivalence class counts.
[2021-09-08 21:00:52.601] [jointLog] [info] Collapsing factorization information into simplified equivalence classes.
[2021-09-08 21:00:52.602] [jointLog] [info] done.
[2021-09-08 21:00:52.604] [jointLog] [info] done writing equivalence class counts.
